[2025-10-30 09:43:28] testing.ERROR: SQLSTATE[42S01]: Base table or view already exists: 1050 Table 'users' already exists (Connection: mysql, SQL: create table `users` (`id` bigint unsigned not null auto_increment primary key, `name` varchar(255) not null, `email` varchar(255) not null, `email_verified_at` timestamp null, `password` varchar(255) not null, `remember_token` varchar(100) null, `created_at` timestamp null, `updated_at` timestamp null) default character set utf8mb4 collate 'utf8mb4_unicode_ci') {"exception":"[object] (Illuminate\\Database\\QueryException(code: 42S01): SQLSTATE[42S01]: Base table or view already exists: 1050 Table 'users' already exists (Connection: mysql, SQL: create table `users` (`id` bigint unsigned not null auto_increment primary key, `name` varchar(255) not null, `email` varchar(255) not null, `email_verified_at` timestamp null, `password` varchar(255) not null, `remember_token` varchar(100) null, `created_at` timestamp null, `updated_at` timestamp null) default character set utf8mb4 collate 'utf8mb4_unicode_ci') at /Users/teya2023/Documents/codecayon SaaS/restrosaas-37/saas-whatsapp/restro-saas/vendor/laravel/framework/src/Illuminate/Database/Connection.php:829)
[stacktrace]
#0 /Users/teya2023/Documents/codecayon SaaS/restrosaas-37/saas-whatsapp/restro-saas/vendor/laravel/framework/src/Illuminate/Database/Connection.php(783): Illuminate\\Database\\Connection->runQueryCallback('create table `u...', Array, Object(Closure))
#1 /Users/teya2023/Documents/codecayon SaaS/restrosaas-37/saas-whatsapp/restro-saas/vendor/laravel/framework/src/Illuminate/Database/Connection.php(576): Illuminate\\Database\\Connection->run('create table `u...', Array, Object(Closure))
#2 /Users/teya2023/Documents/codecayon SaaS/restrosaas-37/saas-whatsapp/restro-saas/vendor/laravel/framework/src/Illuminate/Database/Schema/Blueprint.php(110): Illuminate\\Database\\Connection->statement('create table `u...')
#3 /Users/teya2023/Documents/codecayon SaaS/restrosaas-37/saas-whatsapp/restro-saas/vendor/laravel/framework/src/Illuminate/Database/Schema/Builder.php(602): Illuminate\\Database\\Schema\\Blueprint->build(Object(Illuminate\\Database\\MySqlConnection), Object(Illuminate\\Database\\Schema\\Grammars\\MySqlGrammar))
#4 /Users/teya2023/Documents/codecayon SaaS/restrosaas-37/saas-whatsapp/restro-saas/vendor/laravel/framework/src/Illuminate/Database/Schema/Builder.php(456): Illuminate\\Database\\Schema\\Builder->build(Object(Illuminate\\Database\\Schema\\Blueprint))
#5 /Users/teya2023/Documents/codecayon SaaS/restrosaas-37/saas-whatsapp/restro-saas/vendor/laravel/framework/src/Illuminate/Support/Facades/Facade.php(355): Illuminate\\Database\\Schema\\Builder->create('users', Object(Closure))
#6 /Users/teya2023/Documents/codecayon SaaS/restrosaas-37/saas-whatsapp/restro-saas/database/migrations/2024_01_01_000000_create_all_tables.php(16): Illuminate\\Support\\Facades\\Facade::__callStatic('create', Array)
#7 /Users/teya2023/Documents/codecayon SaaS/restrosaas-37/saas-whatsapp/restro-saas/vendor/laravel/framework/src/Illuminate/Database/Migrations/Migrator.php(501): Illuminate\\Database\\Migrations\\Migration@anonymous->up()
#8 /Users/teya2023/Documents/codecayon SaaS/restrosaas-37/saas-whatsapp/restro-saas/vendor/laravel/framework/src/Illuminate/Database/Migrations/Migrator.php(418): Illuminate\\Database\\Migrations\\Migrator->runMethod(Object(Illuminate\\Database\\MySqlConnection), Object(Illuminate\\Database\\Migrations\\Migration@anonymous), 'up')
#9 /Users/teya2023/Documents/codecayon SaaS/restrosaas-37/saas-whatsapp/restro-saas/vendor/laravel/framework/src/Illuminate/Database/Migrations/Migrator.php(427): Illuminate\\Database\\Migrations\\Migrator->{closure:Illuminate\\Database\\Migrations\\Migrator::runMigration():414}()
#10 /Users/teya2023/Documents/codecayon SaaS/restrosaas-37/saas-whatsapp/restro-saas/vendor/laravel/framework/src/Illuminate/Database/Migrations/Migrator.php(224): Illuminate\\Database\\Migrations\\Migrator->runMigration(Object(Illuminate\\Database\\Migrations\\Migration@anonymous), 'up')
#11 /Users/teya2023/Documents/codecayon SaaS/restrosaas-37/saas-whatsapp/restro-saas/vendor/laravel/framework/src/Illuminate/Console/View/Components/Task.php(37): Illuminate\\Database\\Migrations\\Migrator->{closure:Illuminate\\Database\\Migrations\\Migrator::runUp():224}()
#12 /Users/teya2023/Documents/codecayon SaaS/restrosaas-37/saas-whatsapp/restro-saas/vendor/laravel/framework/src/Illuminate/Database/Migrations/Migrator.php(783): Illuminate\\Console\\View\\Components\\Task->render('2024_01_01_0000...', Object(Closure))
#13 /Users/teya2023/Documents/codecayon SaaS/restrosaas-37/saas-whatsapp/restro-saas/vendor/laravel/framework/src/Illuminate/Database/Migrations/Migrator.php(224): Illuminate\\Database\\Migrations\\Migrator->write('Illuminate\\\\Cons...', '2024_01_01_0000...', Object(Closure))
#14 /Users/teya2023/Documents/codecayon SaaS/restrosaas-37/saas-whatsapp/restro-saas/vendor/laravel/framework/src/Illuminate/Database/Migrations/Migrator.php(189): Illuminate\\Database\\Migrations\\Migrator->runUp('/Users/teya2023...', 1, false)
#15 /Users/teya2023/Documents/codecayon SaaS/restrosaas-37/saas-whatsapp/restro-saas/vendor/laravel/framework/src/Illuminate/Database/Migrations/Migrator.php(132): Illuminate\\Database\\Migrations\\Migrator->runPending(Array, Array)
#16 /Users/teya2023/Documents/codecayon SaaS/restrosaas-37/saas-whatsapp/restro-saas/vendor/laravel/framework/src/Illuminate/Database/Console/Migrations/MigrateCommand.php(90): Illuminate\\Database\\Migrations\\Migrator->run(Array, Array)
#17 /Users/teya2023/Documents/codecayon SaaS/restrosaas-37/saas-whatsapp/restro-saas/vendor/laravel/framework/src/Illuminate/Database/Migrations/Migrator.php(641): Illuminate\\Database\\Console\\Migrations\\MigrateCommand->{closure:Illuminate\\Database\\Console\\Migrations\\MigrateCommand::handle():83}()
#18 /Users/teya2023/Documents/codecayon SaaS/restrosaas-37/saas-whatsapp/restro-saas/vendor/laravel/framework/src/Illuminate/Database/Console/Migrations/MigrateCommand.php(83): Illuminate\\Database\\Migrations\\Migrator->usingConnection(NULL, Object(Closure))
#19 /Users/teya2023/Documents/codecayon SaaS/restrosaas-37/saas-whatsapp/restro-saas/vendor/laravel/framework/src/Illuminate/Container/BoundMethod.php(36): Illuminate\\Database\\Console\\Migrations\\MigrateCommand->handle()
#20 /Users/teya2023/Documents/codecayon SaaS/restrosaas-37/saas-whatsapp/restro-saas/vendor/laravel/framework/src/Illuminate/Container/Util.php(41): Illuminate\\Container\\BoundMethod::{closure:Illuminate\\Container\\BoundMethod::call():35}()
#21 /Users/teya2023/Documents/codecayon SaaS/restrosaas-37/saas-whatsapp/restro-saas/vendor/laravel/framework/src/Illuminate/Container/BoundMethod.php(93): Illuminate\\Container\\Util::unwrapIfClosure(Object(Closure))
#22 /Users/teya2023/Documents/codecayon SaaS/restrosaas-37/saas-whatsapp/restro-saas/vendor/laravel/framework/src/Illuminate/Container/BoundMethod.php(35): Illuminate\\Container\\BoundMethod::callBoundMethod(Object(Illuminate\\Foundation\\Application), Array, Object(Closure))
#23 /Users/teya2023/Documents/codecayon SaaS/restrosaas-37/saas-whatsapp/restro-saas/vendor/laravel/framework/src/Illuminate/Container/Container.php(662): Illuminate\\Container\\BoundMethod::call(Object(Illuminate\\Foundation\\Application), Array, Array, NULL)
#24 /Users/teya2023/Documents/codecayon SaaS/restrosaas-37/saas-whatsapp/restro-saas/vendor/laravel/framework/src/Illuminate/Console/Command.php(211): Illuminate\\Container\\Container->call(Array)
#25 /Users/teya2023/Documents/codecayon SaaS/restrosaas-37/saas-whatsapp/restro-saas/vendor/symfony/console/Command/Command.php(326): Illuminate\\Console\\Command->execute(Object(Symfony\\Component\\Console\\Input\\ArrayInput), Object(Illuminate\\Console\\OutputStyle))
#26 /Users/teya2023/Documents/codecayon SaaS/restrosaas-37/saas-whatsapp/restro-saas/vendor/laravel/framework/src/Illuminate/Console/Command.php(180): Symfony\\Component\\Console\\Command\\Command->run(Object(Symfony\\Component\\Console\\Input\\ArrayInput), Object(Illuminate\\Console\\OutputStyle))
#27 /Users/teya2023/Documents/codecayon SaaS/restrosaas-37/saas-whatsapp/restro-saas/vendor/laravel/framework/src/Illuminate/Console/Concerns/CallsCommands.php(67): Illuminate\\Console\\Command->run(Object(Symfony\\Component\\Console\\Input\\ArrayInput), Object(Illuminate\\Console\\OutputStyle))
#28 /Users/teya2023/Documents/codecayon SaaS/restrosaas-37/saas-whatsapp/restro-saas/vendor/laravel/framework/src/Illuminate/Console/Concerns/CallsCommands.php(28): Illuminate\\Console\\Command->runCommand('migrate', Array, Object(Illuminate\\Console\\OutputStyle))
#29 /Users/teya2023/Documents/codecayon SaaS/restrosaas-37/saas-whatsapp/restro-saas/vendor/laravel/framework/src/Illuminate/Database/Console/Migrations/FreshCommand.php(53): Illuminate\\Console\\Command->call('migrate', Array)
#30 /Users/teya2023/Documents/codecayon SaaS/restrosaas-37/saas-whatsapp/restro-saas/vendor/laravel/framework/src/Illuminate/Container/BoundMethod.php(36): Illuminate\\Database\\Console\\Migrations\\FreshCommand->handle()
#31 /Users/teya2023/Documents/codecayon SaaS/restrosaas-37/saas-whatsapp/restro-saas/vendor/laravel/framework/src/Illuminate/Container/Util.php(41): Illuminate\\Container\\BoundMethod::{closure:Illuminate\\Container\\BoundMethod::call():35}()
#32 /Users/teya2023/Documents/codecayon SaaS/restrosaas-37/saas-whatsapp/restro-saas/vendor/laravel/framework/src/Illuminate/Container/BoundMethod.php(93): Illuminate\\Container\\Util::unwrapIfClosure(Object(Closure))
#33 /Users/teya2023/Documents/codecayon SaaS/restrosaas-37/saas-whatsapp/restro-saas/vendor/laravel/framework/src/Illuminate/Container/BoundMethod.php(35): Illuminate\\Container\\BoundMethod::callBoundMethod(Object(Illuminate\\Foundation\\Application), Array, Object(Closure))
#34 /Users/teya2023/Documents/codecayon SaaS/restrosaas-37/saas-whatsapp/restro-saas/vendor/laravel/framework/src/Illuminate/Container/Container.php(662): Illuminate\\Container\\BoundMethod::call(Object(Illuminate\\Foundation\\Application), Array, Array, NULL)
#35 /Users/teya2023/Documents/codecayon SaaS/restrosaas-37/saas-whatsapp/restro-saas/vendor/laravel/framework/src/Illuminate/Console/Command.php(211): Illuminate\\Container\\Container->call(Array)
#36 /Users/teya2023/Documents/codecayon SaaS/restrosaas-37/saas-whatsapp/restro-saas/vendor/symfony/console/Command/Command.php(326): Illuminate\\Console\\Command->execute(Object(Symfony\\Component\\Console\\Input\\ArgvInput), Object(Illuminate\\Console\\OutputStyle))
#37 /Users/teya2023/Documents/codecayon SaaS/restrosaas-37/saas-whatsapp/restro-saas/vendor/laravel/framework/src/Illuminate/Console/Command.php(180): Symfony\\Component\\Console\\Command\\Command->run(Object(Symfony\\Component\\Console\\Input\\ArgvInput), Object(Illuminate\\Console\\OutputStyle))
#38 /Users/teya2023/Documents/codecayon SaaS/restrosaas-37/saas-whatsapp/restro-saas/vendor/symfony/console/Application.php(1078): Illuminate\\Console\\Command->run(Object(Symfony\\Component\\Console\\Input\\ArgvInput), Object(Symfony\\Component\\Console\\Output\\ConsoleOutput))
#39 /Users/teya2023/Documents/codecayon SaaS/restrosaas-37/saas-whatsapp/restro-saas/vendor/symfony/console/Application.php(324): Symfony\\Component\\Console\\Application->doRunCommand(Object(Illuminate\\Database\\Console\\Migrations\\FreshCommand), Object(Symfony\\Component\\Console\\Input\\ArgvInput), Object(Symfony\\Component\\Console\\Output\\ConsoleOutput))
#40 /Users/teya2023/Documents/codecayon SaaS/restrosaas-37/saas-whatsapp/restro-saas/vendor/symfony/console/Application.php(175): Symfony\\Component\\Console\\Application->doRun(Object(Symfony\\Component\\Console\\Input\\ArgvInput), Object(Symfony\\Component\\Console\\Output\\ConsoleOutput))
#41 /Users/teya2023/Documents/codecayon SaaS/restrosaas-37/saas-whatsapp/restro-saas/vendor/laravel/framework/src/Illuminate/Foundation/Console/Kernel.php(201): Symfony\\Component\\Console\\Application->run(Object(Symfony\\Component\\Console\\Input\\ArgvInput), Object(Symfony\\Component\\Console\\Output\\ConsoleOutput))
#42 /Users/teya2023/Documents/codecayon SaaS/restrosaas-37/saas-whatsapp/restro-saas/artisan(35): Illuminate\\Foundation\\Console\\Kernel->handle(Object(Symfony\\Component\\Console\\Input\\ArgvInput), Object(Symfony\\Component\\Console\\Output\\ConsoleOutput))
#43 {main}

[previous exception] [object] (PDOException(code: 42S01): SQLSTATE[42S01]: Base table or view already exists: 1050 Table 'users' already exists at /Users/teya2023/Documents/codecayon SaaS/restrosaas-37/saas-whatsapp/restro-saas/vendor/laravel/framework/src/Illuminate/Database/Connection.php:587)
[stacktrace]
#0 /Users/teya2023/Documents/codecayon SaaS/restrosaas-37/saas-whatsapp/restro-saas/vendor/laravel/framework/src/Illuminate/Database/Connection.php(587): PDOStatement->execute()
#1 /Users/teya2023/Documents/codecayon SaaS/restrosaas-37/saas-whatsapp/restro-saas/vendor/laravel/framework/src/Illuminate/Database/Connection.php(816): Illuminate\\Database\\Connection->{closure:Illuminate\\Database\\Connection::statement():576}('create table `u...', Array)
#2 /Users/teya2023/Documents/codecayon SaaS/restrosaas-37/saas-whatsapp/restro-saas/vendor/laravel/framework/src/Illuminate/Database/Connection.php(783): Illuminate\\Database\\Connection->runQueryCallback('create table `u...', Array, Object(Closure))
#3 /Users/teya2023/Documents/codecayon SaaS/restrosaas-37/saas-whatsapp/restro-saas/vendor/laravel/framework/src/Illuminate/Database/Connection.php(576): Illuminate\\Database\\Connection->run('create table `u...', Array, Object(Closure))
#4 /Users/teya2023/Documents/codecayon SaaS/restrosaas-37/saas-whatsapp/restro-saas/vendor/laravel/framework/src/Illuminate/Database/Schema/Blueprint.php(110): Illuminate\\Database\\Connection->statement('create table `u...')
#5 /Users/teya2023/Documents/codecayon SaaS/restrosaas-37/saas-whatsapp/restro-saas/vendor/laravel/framework/src/Illuminate/Database/Schema/Builder.php(602): Illuminate\\Database\\Schema\\Blueprint->build(Object(Illuminate\\Database\\MySqlConnection), Object(Illuminate\\Database\\Schema\\Grammars\\MySqlGrammar))
#6 /Users/teya2023/Documents/codecayon SaaS/restrosaas-37/saas-whatsapp/restro-saas/vendor/laravel/framework/src/Illuminate/Database/Schema/Builder.php(456): Illuminate\\Database\\Schema\\Builder->build(Object(Illuminate\\Database\\Schema\\Blueprint))
#7 /Users/teya2023/Documents/codecayon SaaS/restrosaas-37/saas-whatsapp/restro-saas/vendor/laravel/framework/src/Illuminate/Support/Facades/Facade.php(355): Illuminate\\Database\\Schema\\Builder->create('users', Object(Closure))
#8 /Users/teya2023/Documents/codecayon SaaS/restrosaas-37/saas-whatsapp/restro-saas/database/migrations/2024_01_01_000000_create_all_tables.php(16): Illuminate\\Support\\Facades\\Facade::__callStatic('create', Array)
#9 /Users/teya2023/Documents/codecayon SaaS/restrosaas-37/saas-whatsapp/restro-saas/vendor/laravel/framework/src/Illuminate/Database/Migrations/Migrator.php(501): Illuminate\\Database\\Migrations\\Migration@anonymous->up()
#10 /Users/teya2023/Documents/codecayon SaaS/restrosaas-37/saas-whatsapp/restro-saas/vendor/laravel/framework/src/Illuminate/Database/Migrations/Migrator.php(418): Illuminate\\Database\\Migrations\\Migrator->runMethod(Object(Illuminate\\Database\\MySqlConnection), Object(Illuminate\\Database\\Migrations\\Migration@anonymous), 'up')
#11 /Users/teya2023/Documents/codecayon SaaS/restrosaas-37/saas-whatsapp/restro-saas/vendor/laravel/framework/src/Illuminate/Database/Migrations/Migrator.php(427): Illuminate\\Database\\Migrations\\Migrator->{closure:Illuminate\\Database\\Migrations\\Migrator::runMigration():414}()
#12 /Users/teya2023/Documents/codecayon SaaS/restrosaas-37/saas-whatsapp/restro-saas/vendor/laravel/framework/src/Illuminate/Database/Migrations/Migrator.php(224): Illuminate\\Database\\Migrations\\Migrator->runMigration(Object(Illuminate\\Database\\Migrations\\Migration@anonymous), 'up')
#13 /Users/teya2023/Documents/codecayon SaaS/restrosaas-37/saas-whatsapp/restro-saas/vendor/laravel/framework/src/Illuminate/Console/View/Components/Task.php(37): Illuminate\\Database\\Migrations\\Migrator->{closure:Illuminate\\Database\\Migrations\\Migrator::runUp():224}()
#14 /Users/teya2023/Documents/codecayon SaaS/restrosaas-37/saas-whatsapp/restro-saas/vendor/laravel/framework/src/Illuminate/Database/Migrations/Migrator.php(783): Illuminate\\Console\\View\\Components\\Task->render('2024_01_01_0000...', Object(Closure))
#15 /Users/teya2023/Documents/codecayon SaaS/restrosaas-37/saas-whatsapp/restro-saas/vendor/laravel/framework/src/Illuminate/Database/Migrations/Migrator.php(224): Illuminate\\Database\\Migrations\\Migrator->write('Illuminate\\\\Cons...', '2024_01_01_0000...', Object(Closure))
#16 /Users/teya2023/Documents/codecayon SaaS/restrosaas-37/saas-whatsapp/restro-saas/vendor/laravel/framework/src/Illuminate/Database/Migrations/Migrator.php(189): Illuminate\\Database\\Migrations\\Migrator->runUp('/Users/teya2023...', 1, false)
#17 /Users/teya2023/Documents/codecayon SaaS/restrosaas-37/saas-whatsapp/restro-saas/vendor/laravel/framework/src/Illuminate/Database/Migrations/Migrator.php(132): Illuminate\\Database\\Migrations\\Migrator->runPending(Array, Array)
#18 /Users/teya2023/Documents/codecayon SaaS/restrosaas-37/saas-whatsapp/restro-saas/vendor/laravel/framework/src/Illuminate/Database/Console/Migrations/MigrateCommand.php(90): Illuminate\\Database\\Migrations\\Migrator->run(Array, Array)
#19 /Users/teya2023/Documents/codecayon SaaS/restrosaas-37/saas-whatsapp/restro-saas/vendor/laravel/framework/src/Illuminate/Database/Migrations/Migrator.php(641): Illuminate\\Database\\Console\\Migrations\\MigrateCommand->{closure:Illuminate\\Database\\Console\\Migrations\\MigrateCommand::handle():83}()
#20 /Users/teya2023/Documents/codecayon SaaS/restrosaas-37/saas-whatsapp/restro-saas/vendor/laravel/framework/src/Illuminate/Database/Console/Migrations/MigrateCommand.php(83): Illuminate\\Database\\Migrations\\Migrator->usingConnection(NULL, Object(Closure))
#21 /Users/teya2023/Documents/codecayon SaaS/restrosaas-37/saas-whatsapp/restro-saas/vendor/laravel/framework/src/Illuminate/Container/BoundMethod.php(36): Illuminate\\Database\\Console\\Migrations\\MigrateCommand->handle()
#22 /Users/teya2023/Documents/codecayon SaaS/restrosaas-37/saas-whatsapp/restro-saas/vendor/laravel/framework/src/Illuminate/Container/Util.php(41): Illuminate\\Container\\BoundMethod::{closure:Illuminate\\Container\\BoundMethod::call():35}()
#23 /Users/teya2023/Documents/codecayon SaaS/restrosaas-37/saas-whatsapp/restro-saas/vendor/laravel/framework/src/Illuminate/Container/BoundMethod.php(93): Illuminate\\Container\\Util::unwrapIfClosure(Object(Closure))
#24 /Users/teya2023/Documents/codecayon SaaS/restrosaas-37/saas-whatsapp/restro-saas/vendor/laravel/framework/src/Illuminate/Container/BoundMethod.php(35): Illuminate\\Container\\BoundMethod::callBoundMethod(Object(Illuminate\\Foundation\\Application), Array, Object(Closure))
#25 /Users/teya2023/Documents/codecayon SaaS/restrosaas-37/saas-whatsapp/restro-saas/vendor/laravel/framework/src/Illuminate/Container/Container.php(662): Illuminate\\Container\\BoundMethod::call(Object(Illuminate\\Foundation\\Application), Array, Array, NULL)
#26 /Users/teya2023/Documents/codecayon SaaS/restrosaas-37/saas-whatsapp/restro-saas/vendor/laravel/framework/src/Illuminate/Console/Command.php(211): Illuminate\\Container\\Container->call(Array)
#27 /Users/teya2023/Documents/codecayon SaaS/restrosaas-37/saas-whatsapp/restro-saas/vendor/symfony/console/Command/Command.php(326): Illuminate\\Console\\Command->execute(Object(Symfony\\Component\\Console\\Input\\ArrayInput), Object(Illuminate\\Console\\OutputStyle))
#28 /Users/teya2023/Documents/codecayon SaaS/restrosaas-37/saas-whatsapp/restro-saas/vendor/laravel/framework/src/Illuminate/Console/Command.php(180): Symfony\\Component\\Console\\Command\\Command->run(Object(Symfony\\Component\\Console\\Input\\ArrayInput), Object(Illuminate\\Console\\OutputStyle))
#29 /Users/teya2023/Documents/codecayon SaaS/restrosaas-37/saas-whatsapp/restro-saas/vendor/laravel/framework/src/Illuminate/Console/Concerns/CallsCommands.php(67): Illuminate\\Console\\Command->run(Object(Symfony\\Component\\Console\\Input\\ArrayInput), Object(Illuminate\\Console\\OutputStyle))
#30 /Users/teya2023/Documents/codecayon SaaS/restrosaas-37/saas-whatsapp/restro-saas/vendor/laravel/framework/src/Illuminate/Console/Concerns/CallsCommands.php(28): Illuminate\\Console\\Command->runCommand('migrate', Array, Object(Illuminate\\Console\\OutputStyle))
#31 /Users/teya2023/Documents/codecayon SaaS/restrosaas-37/saas-whatsapp/restro-saas/vendor/laravel/framework/src/Illuminate/Database/Console/Migrations/FreshCommand.php(53): Illuminate\\Console\\Command->call('migrate', Array)
#32 /Users/teya2023/Documents/codecayon SaaS/restrosaas-37/saas-whatsapp/restro-saas/vendor/laravel/framework/src/Illuminate/Container/BoundMethod.php(36): Illuminate\\Database\\Console\\Migrations\\FreshCommand->handle()
#33 /Users/teya2023/Documents/codecayon SaaS/restrosaas-37/saas-whatsapp/restro-saas/vendor/laravel/framework/src/Illuminate/Container/Util.php(41): Illuminate\\Container\\BoundMethod::{closure:Illuminate\\Container\\BoundMethod::call():35}()
#34 /Users/teya2023/Documents/codecayon SaaS/restrosaas-37/saas-whatsapp/restro-saas/vendor/laravel/framework/src/Illuminate/Container/BoundMethod.php(93): Illuminate\\Container\\Util::unwrapIfClosure(Object(Closure))
#35 /Users/teya2023/Documents/codecayon SaaS/restrosaas-37/saas-whatsapp/restro-saas/vendor/laravel/framework/src/Illuminate/Container/BoundMethod.php(35): Illuminate\\Container\\BoundMethod::callBoundMethod(Object(Illuminate\\Foundation\\Application), Array, Object(Closure))
#36 /Users/teya2023/Documents/codecayon SaaS/restrosaas-37/saas-whatsapp/restro-saas/vendor/laravel/framework/src/Illuminate/Container/Container.php(662): Illuminate\\Container\\BoundMethod::call(Object(Illuminate\\Foundation\\Application), Array, Array, NULL)
#37 /Users/teya2023/Documents/codecayon SaaS/restrosaas-37/saas-whatsapp/restro-saas/vendor/laravel/framework/src/Illuminate/Console/Command.php(211): Illuminate\\Container\\Container->call(Array)
#38 /Users/teya2023/Documents/codecayon SaaS/restrosaas-37/saas-whatsapp/restro-saas/vendor/symfony/console/Command/Command.php(326): Illuminate\\Console\\Command->execute(Object(Symfony\\Component\\Console\\Input\\ArgvInput), Object(Illuminate\\Console\\OutputStyle))
#39 /Users/teya2023/Documents/codecayon SaaS/restrosaas-37/saas-whatsapp/restro-saas/vendor/laravel/framework/src/Illuminate/Console/Command.php(180): Symfony\\Component\\Console\\Command\\Command->run(Object(Symfony\\Component\\Console\\Input\\ArgvInput), Object(Illuminate\\Console\\OutputStyle))
#40 /Users/teya2023/Documents/codecayon SaaS/restrosaas-37/saas-whatsapp/restro-saas/vendor/symfony/console/Application.php(1078): Illuminate\\Console\\Command->run(Object(Symfony\\Component\\Console\\Input\\ArgvInput), Object(Symfony\\Component\\Console\\Output\\ConsoleOutput))
#41 /Users/teya2023/Documents/codecayon SaaS/restrosaas-37/saas-whatsapp/restro-saas/vendor/symfony/console/Application.php(324): Symfony\\Component\\Console\\Application->doRunCommand(Object(Illuminate\\Database\\Console\\Migrations\\FreshCommand), Object(Symfony\\Component\\Console\\Input\\ArgvInput), Object(Symfony\\Component\\Console\\Output\\ConsoleOutput))
#42 /Users/teya2023/Documents/codecayon SaaS/restrosaas-37/saas-whatsapp/restro-saas/vendor/symfony/console/Application.php(175): Symfony\\Component\\Console\\Application->doRun(Object(Symfony\\Component\\Console\\Input\\ArgvInput), Object(Symfony\\Component\\Console\\Output\\ConsoleOutput))
#43 /Users/teya2023/Documents/codecayon SaaS/restrosaas-37/saas-whatsapp/restro-saas/vendor/laravel/framework/src/Illuminate/Foundation/Console/Kernel.php(201): Symfony\\Component\\Console\\Application->run(Object(Symfony\\Component\\Console\\Input\\ArgvInput), Object(Symfony\\Component\\Console\\Output\\ConsoleOutput))
#44 /Users/teya2023/Documents/codecayon SaaS/restrosaas-37/saas-whatsapp/restro-saas/artisan(35): Illuminate\\Foundation\\Console\\Kernel->handle(Object(Symfony\\Component\\Console\\Input\\ArgvInput), Object(Symfony\\Component\\Console\\Output\\ConsoleOutput))
#45 {main}
"} 
